{
  "RSpec": {
    "coverage": {
      "/Users/elizabeth/Ada/far_mar_finder/lib/far_mar_finder.rb": [
        1,
        1,
        1,
        1,
        1,
        1,
        null,
        null,
        1,
        1,
        null,
        null,
        1,
        13,
        null,
        null,
        1,
        16,
        null,
        null,
        1,
        13,
        null,
        null,
        1,
        13,
        null,
        null,
        null
      ],
      "/Users/elizabeth/Ada/far_mar_finder/lib/vendor.rb": [
        1,
        1,
        null,
        1,
        2690,
        2690,
        2690,
        2690,
        null,
        null,
        1,
        null,
        2690,
        16,
        null,
        null,
        1,
        10,
        46,
        null,
        null,
        null,
        1,
        0,
        0,
        null,
        null,
        null,
        1,
        0,
        0,
        null,
        null,
        null,
        1,
        2,
        5380,
        null,
        null,
        null,
        1,
        0,
        0,
        null,
        null,
        null,
        1,
        0,
        0,
        null,
        0,
        0,
        null,
        null,
        0,
        0,
        null,
        null,
        0,
        null,
        null,
        1,
        1,
        null,
        null,
        1,
        7,
        null,
        null,
        1,
        1,
        12798,
        null,
        null,
        null,
        1,
        0,
        null,
        null,
        1,
        0,
        0,
        0,
        null,
        0,
        null,
        null,
        1,
        0,
        0,
        0,
        0,
        0,
        0,
        0,
        null,
        0,
        null,
        0,
        null,
        null,
        null,
        null,
        null
      ],
      "/Users/elizabeth/Ada/far_mar_finder/lib/sale.rb": [
        1,
        1,
        null,
        1,
        12798,
        12798,
        12798,
        12798,
        12798,
        null,
        null,
        1,
        null,
        12798,
        12,
        null,
        null,
        1,
        9,
        9,
        null,
        null,
        null,
        1,
        0,
        0,
        null,
        null,
        null,
        1,
        0,
        0,
        null,
        null,
        null,
        null,
        null,
        null,
        null,
        null,
        null,
        1,
        1,
        1,
        null,
        null,
        null,
        1,
        1,
        1,
        null,
        null,
        null,
        1,
        0,
        0,
        null,
        null,
        null,
        1,
        0,
        null,
        null,
        1,
        null,
        0,
        0,
        0,
        0,
        0,
        0,
        0,
        null,
        0,
        null,
        0,
        null,
        null
      ],
      "/Users/elizabeth/Ada/far_mar_finder/lib/market.rb": [
        1,
        1,
        null,
        1,
        501,
        501,
        501,
        501,
        501,
        501,
        501,
        null,
        null,
        1,
        null,
        500,
        11,
        null,
        null,
        1,
        10,
        10,
        null,
        null,
        null,
        1,
        0,
        0,
        null,
        null,
        null,
        1,
        0,
        0,
        null,
        null,
        null,
        1,
        0,
        0,
        null,
        null,
        null,
        1,
        1,
        2690,
        null,
        null,
        null,
        1,
        0,
        null,
        null,
        1,
        1,
        6,
        null,
        1,
        null,
        null,
        1,
        0,
        null,
        null,
        1,
        0,
        0,
        0,
        0,
        null,
        0,
        null,
        0,
        null,
        null,
        null,
        1,
        0,
        0,
        null,
        null,
        1,
        0,
        0,
        null,
        null
      ],
      "/Users/elizabeth/Ada/far_mar_finder/lib/product.rb": [
        1,
        1,
        null,
        1,
        8193,
        8193,
        8193,
        null,
        null,
        1,
        null,
        8193,
        16,
        null,
        null,
        1,
        7,
        278,
        null,
        null,
        null,
        1,
        0,
        0,
        null,
        null,
        null,
        1,
        0,
        0,
        null,
        null,
        null,
        1,
        7,
        57351,
        null,
        null,
        null,
        1,
        1,
        21,
        null,
        null,
        null,
        1,
        1,
        12798,
        null,
        null,
        null,
        1,
        0,
        0,
        0,
        null,
        0,
        null,
        null,
        1,
        0,
        null,
        null,
        1,
        0,
        0,
        0,
        0,
        0,
        null,
        0,
        null,
        null,
        0,
        0,
        0,
        null,
        0,
        null,
        null,
        null
      ]
    },
    "timestamp": 1384554923
  }
}
